<?xml version="1.0" encoding="UTF-8"?>
<!-- Generated by org.testng.reporters.JUnitXMLReporter -->
<testsuite ignored="0" hostname="DESKTOP-41NCCCI" failures="0" tests="3" name="Submit Order Test" time="20.862" errors="0" timestamp="2024-07-23T07:46:13 ICT">
  <testcase classname="LieuMinhHoang.tests.SubmitOrderTest" name="submitOrder" time="4.168"/>
  <testcase classname="LieuMinhHoang.tests.SubmitOrderTest" name="submitOrder" time="4.103"/>
  <testcase classname="LieuMinhHoang.tests.SubmitOrderTest" name="OrderHistoryTest" time="0.752"/>
</testsuite> <!-- Submit Order Test -->
